<?xml version="1.0" encoding="UTF-8"?>
<!-- Generated by org.testng.reporters.JUnitReportReporter -->
<testsuite hostname="LAPTOP-IFJDGCLM" failures="0" tests="1" name="com.insurance.santum.client.ClientAddPaymentTest" time="4.027" errors="0" timestamp="2022-12-05T14:36:17 IST" skipped="0">
  <testcase classname="com.insurance.santum.client.ClientAddPaymentTest" name="clientAddPayment" time="4.027"/>
  <system-out/>
</testsuite> <!-- com.insurance.santum.client.ClientAddPaymentTest -->
