<?xml version="1.0" encoding="UTF-8"?>
<!-- Generated by org.testng.reporters.JUnitReportReporter -->
<testsuite hostname="LAPTOP-IFJDGCLM" failures="0" tests="2" name="com.apitest.CreateProject" time="2.365" errors="0" timestamp="2023-01-13T16:13:11 IST" skipped="0">
  <testcase classname="com.apitest.CreateProject" name="deleteProject" time="0.193"/>
  <system-out/>
  <testcase classname="com.apitest.CreateProject" name="createProjectTest" time="2.172"/>
  <system-out/>
</testsuite> <!-- com.apitest.CreateProject -->
