<?xml version="1.0" encoding="UTF-8"?>
<!-- Generated by org.testng.reporters.JUnitReportReporter -->
<testsuite hostname="LAPTOP-IFJDGCLM" failures="0" tests="1" name="com.insurance.santum.client.ClientAddPaymentTest" time="4.031" errors="0" timestamp="2022-12-16T15:13:59 IST" skipped="0">
  <testcase classname="com.insurance.santum.client.ClientAddPaymentTest" name="clientAddPaymentTest" time="4.031"/>
  <system-out/>
</testsuite> <!-- com.insurance.santum.client.ClientAddPaymentTest -->
