<?xml version="1.0" encoding="UTF-8"?>
<!-- Generated by org.testng.reporters.JUnitReportReporter -->
<testsuite hostname="LAPTOP-IFJDGCLM" failures="0" tests="1" name="com.insurance.prac.FetchDataFromCmd" time="0.010" errors="0" timestamp="2022-12-15T10:27:27 IST" skipped="0">
  <testcase classname="com.insurance.prac.FetchDataFromCmd" name="test" time="0.010"/>
  <system-out/>
</testsuite> <!-- com.insurance.prac.FetchDataFromCmd -->
