<?xml version="1.0" encoding="UTF-8"?>
<!-- Generated by org.testng.reporters.JUnitReportReporter -->
<testsuite hostname="LAPTOP-IFJDGCLM" failures="0" tests="1" name="com.insurance.santum.client.EditClientTest" time="3.815" errors="0" timestamp="2022-12-05T14:36:17 IST" skipped="0">
  <testcase classname="com.insurance.santum.client.EditClientTest" name="editClient" time="3.815"/>
  <system-out/>
</testsuite> <!-- com.insurance.santum.client.EditClientTest -->
