<?xml version="1.0" encoding="UTF-8"?>
<!-- Generated by org.testng.reporters.JUnitReportReporter -->
<testsuite hostname="LAPTOP-IFJDGCLM" failures="0" tests="1" name="com.insurance.santum.client.CreateClientTest" time="3.140" errors="0" timestamp="2022-12-16T15:38:18 IST" skipped="0">
  <testcase classname="com.insurance.santum.client.CreateClientTest" name="createClientTest" time="3.140"/>
  <system-out/>
</testsuite> <!-- com.insurance.santum.client.CreateClientTest -->
