<?xml version="1.0" encoding="UTF-8"?>
<!-- Generated by org.testng.reporters.JUnitReportReporter -->
<testsuite hostname="LAPTOP-IFJDGCLM" failures="0" tests="2" name="com.insurance.prac.TestNgPrac2" time="0.010" errors="0" timestamp="2022-12-02T15:50:40 IST" skipped="0">
  <testcase classname="com.insurance.prac.TestNgPrac2" name="test1" time="0.003"/>
  <system-out/>
  <testcase classname="com.insurance.prac.TestNgPrac2" name="test2" time="0.007"/>
  <system-out/>
</testsuite> <!-- com.insurance.prac.TestNgPrac2 -->
