<?xml version="1.0" encoding="UTF-8"?>
<!-- Generated by org.testng.reporters.JUnitReportReporter -->
<testsuite hostname="LAPTOP-IFJDGCLM" failures="0" tests="1" name="com.insurance.santum.payments.AddPaymentsToClient" time="11.091" errors="0" timestamp="2022-12-19T14:32:11 IST" skipped="0">
  <testcase classname="com.insurance.santum.payments.AddPaymentsToClient" name="AddPaymentsToClientTest" time="11.091"/>
  <system-out/>
</testsuite> <!-- com.insurance.santum.payments.AddPaymentsToClient -->
