<?xml version="1.0" encoding="UTF-8"?>
<!-- Generated by org.testng.reporters.JUnitReportReporter -->
<testsuite hostname="LAPTOP-IFJDGCLM" failures="0" tests="1" name="com.insurance.prac.GridPractice" time="31.925" errors="0" timestamp="2022-12-22T12:15:57 IST" skipped="0">
  <testcase classname="com.insurance.prac.GridPractice" name="test" time="31.925"/>
  <system-out/>
</testsuite> <!-- com.insurance.prac.GridPractice -->
