<?xml version="1.0" encoding="UTF-8"?>
<!-- Generated by org.testng.reporters.JUnitReportReporter -->
<testsuite hostname="LAPTOP-IFJDGCLM" failures="0" tests="4" name="com.insurance.prac.ExampleDataProvider" time="3.834" errors="0" timestamp="2022-12-09T15:47:02 IST" skipped="0">
  <testcase classname="com.insurance.prac.ExampleDataProvider" name="printCity" time="0.546"/>
  <system-out/>
  <testcase classname="com.insurance.prac.ExampleDataProvider" name="printCity" time="0.538"/>
  <system-out/>
  <testcase classname="com.insurance.prac.ExampleDataProvider" name="printCity" time="0.500"/>
  <system-out/>
  <testcase classname="com.insurance.prac.ExampleDataProvider" name="printCity" time="2.250"/>
  <system-out/>
</testsuite> <!-- com.insurance.prac.ExampleDataProvider -->
