<?xml version="1.0" encoding="UTF-8"?>
<!-- Generated by org.testng.reporters.JUnitReportReporter -->
<testsuite hostname="LAPTOP-IFJDGCLM" failures="0" tests="1" name="com.insurance.santum.client.CreateClientTest" time="3.463" errors="0" timestamp="2022-12-05T14:36:17 IST" skipped="0">
  <testcase classname="com.insurance.santum.client.CreateClientTest" name="createClient" time="3.463"/>
  <system-out/>
</testsuite> <!-- com.insurance.santum.client.CreateClientTest -->
