<?xml version="1.0" encoding="UTF-8"?>
<!-- Generated by org.testng.reporters.JUnitReportReporter -->
<testsuite hostname="LAPTOP-IFJDGCLM" failures="0" tests="1" name="com.insurance.santum.client.AddNewNomineeToClientTest" time="5.262" errors="0" timestamp="2022-12-16T16:19:16 IST" skipped="0">
  <testcase classname="com.insurance.santum.client.AddNewNomineeToClientTest" name="addNewNomineeToClientTest" time="5.262"/>
  <system-out/>
</testsuite> <!-- com.insurance.santum.client.AddNewNomineeToClientTest -->
